TN:
SF:calculator.py
DA:1,1,IHjYfPUnPG8XenhaH5YO/A
DA:3,1,R5ld61rEtMw8k5QnLG/J2Q
DA:4,1,824CHOF+HuLf/TU8YUFs3A
DA:6,1,7sXP/iICKUB6zWn67Juhgw
DA:8,1,VsQ+B+HRaHmq81Fqbx2QvA
DA:10,1,BhU+8GTrCvRmgSqWExCDtw
DA:11,1,iaVNZHjse2AAQEIo1DuElQ
DA:12,1,DrJU7aquMDtN+H52evA2kQ
DA:14,1,vz2ZrwkD72YsQlDFhatNTw
DA:16,1,ej3lkHPyE9SPnHBQWhY2QA
DA:17,1,dfjHCoNB/lnYATH1PKxTig
DA:18,1,QDzepsBi0Nd5VGR1pIoG7g
DA:20,1,dSPjq3qexO3trH1KNMOIrQ
DA:22,1,KYYfniyp2UPWWb+toC9jEg
DA:23,1,ysgtnA7MU8LBfvqFnGW6vg
DA:25,1,VoeqHedB53YTCJlr69LfAA
DA:26,1,GbubG/XPO1WUDJqws3/Mhw
DA:27,1,zbu7HynDC8IUMxz1TO8jAQ
DA:28,1,6u/GbyzwJH3M/dAabCl9xQ
DA:29,1,G75rLj1DYjeHhEjySNy/jQ
DA:30,1,8Lrh8yJ/HPW1l96Gijc30g
DA:32,1,l51yLGGGnM963UYCPo5N+A
LF:22
LH:22
end_of_record
TN:
SF:test_calculator.py
DA:1,1,6EqVyswJtxIE+9LVqyxOlA
DA:2,1,O+96DUKqth1yjtUSIiMjXg
DA:4,1,94X4nhA7Pe/OFJ+DxO73Mg
DA:5,1,AKQyaclVFU9MNkdGMkzs1g
DA:6,1,QK9KC7UVGwqStuMy+v3pYg
DA:8,1,bTRe83kvssxoIveAKlMtfw
DA:10,1,Vp4R4VgS/waq+RKmbztn/w
DA:12,1,CFpmjrG5+jyhBoDLp/j5SQ
DA:14,1,fWVWF2PjNTR1w2tnzAHuPA
DA:15,1,lBb4Sb8TwZ/RIs6NdopHxA
DA:16,1,L6hOpXMze2kVzf4at7QkPA
DA:18,1,IzGG+ih8CeOLfQ7c+2tpCw
DA:21,1,Fa2YbvHqjM0BMTarkRYeZQ
DA:24,1,RKMlQwK1jpAcAaOjSB1sxQ
DA:26,1,hwE0rNvci2CH1ZL7MP5D8A
DA:28,1,xljWfj7mIHapHiNDY9x5vw
DA:29,1,3Hd39iqUHWrP0w5fTsT+BA
DA:30,1,CKdSOYRMADcYxuWGZZR5tA
DA:31,1,Yt+uqA6V839ujVOYeX4Zfg
DA:33,1,L4rVXtVP7DKlM4zvi6GP9w
DA:34,1,1rUMQgfQLoAH5Bwk7IVFnA
DA:35,1,L4rVXtVP7DKlM4zvi6GP9w
DA:36,1,XF0EF2+Yi+Rg8tvFiw13qg
LF:23
LH:23
end_of_record 
