TN:
SF:src/calculator.ts
FN:3,(anonymous_0)
FN:8,(anonymous_1)
FN:16,(anonymous_2)
FN:18,(anonymous_3)
FN:24,(anonymous_4)
FNF:5
FNH:5
FNDA:1,(anonymous_0)
FNDA:2,(anonymous_1)
FNDA:2,(anonymous_2)
FNDA:3,(anonymous_3)
FNDA:6,(anonymous_4)
DA:1,1
DA:4,1
DA:9,2
DA:10,1
DA:12,1
DA:18,3
DA:20,2
DA:25,6
DA:26,2
DA:29,4
DA:30,1
DA:31,3
DA:32,1
DA:33,2
DA:34,1
DA:36,1
LF:16
LH:16
BRDA:9,0,0,1
BRDA:18,1,0,1
BRDA:25,2,0,2
BRDA:25,3,0,6
BRDA:25,3,1,5
BRDA:29,4,0,1
BRDA:29,4,1,3
BRDA:31,5,0,1
BRDA:31,5,1,2
BRDA:33,6,0,1
BRDA:33,6,1,1
BRF:11
BRH:11
end_of_record 
