SF:calculator.py
DA:1,1
DA:3,1
DA:4,1
DA:6,1
DA:8,1
DA:10,1
DA:11,1
DA:12,1
DA:14,1
DA:16,1
DA:17,1
DA:18,1
DA:20,1
DA:22,1
DA:23,1
DA:25,1
DA:26,1
DA:27,1
DA:28,1
DA:29,1
DA:30,1
DA:32,1
LF:22
LH:22
FN:4,6,Calculator.add
FNDA:1,Calculator.add
FN:8,12,Calculator.divide
FNDA:1,Calculator.divide
FN:14,18,Calculator.process_numbers
FNDA:1,Calculator.process_numbers
FN:20,32,Calculator.get_grade
FNDA:1,Calculator.get_grade
FNF:4
FNH:4
end_of_record
SF:test_calculator.py
DA:1,1
DA:2,1
DA:4,1
DA:5,1
DA:6,1
DA:8,1
DA:10,1
DA:12,1
DA:14,1
DA:15,1
DA:16,1
DA:18,1
DA:21,1
DA:24,1
DA:26,1
DA:28,1
DA:29,1
DA:30,1
DA:31,1
DA:33,1
DA:34,1
DA:35,1
DA:36,1
LF:23
LH:23
FN:5,6,calculator
FNDA:1,calculator
FN:8,10,test_add
FNDA:1,test_add
FN:12,16,test_divide
FNDA:1,test_divide
FN:18,24,test_process_numbers
FNDA:1,test_process_numbers
FN:26,36,test_get_grade
FNDA:1,test_get_grade
FNF:5
FNH:5
end_of_record
