TN:
SF:calculator.cpp
FNL:0,14,16
FNA:0,2,_ZN10Calculator14processNumbersERKNSt3__16vectorIdNS0_9allocatorIdEEEENS0_8functionIFddEEE
FNL:1,17,28
FNA:1,3,_ZZN10Calculator14processNumbersERKNSt3__16vectorIdNS0_9allocatorIdEEEENS0_8functionIFddEEEENK3$_0clEd
FNL:2,3,4
FNA:2,1,_ZN10Calculator3addEdd
FNL:3,30,44
FNA:3,6,_ZN10Calculator8getGradeEd
FNL:4,7,12
FNA:4,2,_ZN10Calculator6divideEdd
FNF:5
FNH:5
DA:3,1
DA:4,1
DA:7,2
DA:8,2
DA:9,1
DA:11,1
DA:12,0
DA:14,2
DA:16,2
DA:17,4
DA:18,1
DA:20,2
DA:21,2
DA:23,8
DA:24,6
DA:27,2
DA:28,2
DA:30,6
DA:31,6
DA:32,2
DA:35,4
DA:36,1
DA:37,3
DA:38,1
DA:39,2
DA:40,1
DA:42,1
DA:44,4
LF:28
LH:27
end_of_record 
